<?xml version="1.0" encoding="UTF-8"?>
<testng-results skipped="0" failed="0" total="1" passed="1">
  <reporter-output>
  </reporter-output>
  <suite name="Default suite" duration-ms="2753" started-at="2019-12-23T04:44:25Z" finished-at="2019-12-23T04:44:28Z">
    <groups>
    </groups>
    <test name="Default test" duration-ms="2753" started-at="2019-12-23T04:44:25Z" finished-at="2019-12-23T04:44:28Z">
      <class name="DriverFactory.AppTest">
        <test-method status="PASS" signature="startTest()[pri:0, instance:DriverFactory.AppTest@5c7fa833]" name="startTest" duration-ms="2707" started-at="2019-12-23T10:14:25Z" finished-at="2019-12-23T10:14:28Z">
          <reporter-output>
          </reporter-output>
        </test-method> <!-- startTest -->
      </class> <!-- DriverFactory.AppTest -->
    </test> <!-- Default test -->
  </suite> <!-- Default suite -->
</testng-results>
